An NVIDIA GPU may be present on this machine, but a CUDA-enabled jaxlib is not installed. Falling back to cpu.
--- Loading and Featurizing 187 molecules ---
  Progress: 0/187 molecules processed...
  Progress: 20/187 molecules processed...
  Progress: 40/187 molecules processed...
  Progress: 60/187 molecules processed...
  Progress: 80/187 molecules processed...
  Progress: 100/187 molecules processed...
  Progress: 120/187 molecules processed...
  Progress: 140/187 molecules processed...
  Progress: 160/187 molecules processed...
  Progress: 180/187 molecules processed...
--- Finished loading 187 molecules ---
=== Starting Production Training Phase [GPU Enabled] ===
Dataset Size: 187 molecules
Target Epochs: 5000
Epoch     1 | Avg Loss: 1.24132693
Epoch   500 | Avg Loss: 0.00482432
Epoch  1000 | Avg Loss: 0.00440471
Epoch  1500 | Avg Loss: 0.00417824
Epoch  2000 | Avg Loss: 0.00385831
Epoch  2500 | Avg Loss: 0.00368279
Epoch  3000 | Avg Loss: 0.00359744
Epoch  3500 | Avg Loss: 0.00350357
Epoch  4000 | Avg Loss: 0.00342451
Epoch  4500 | Avg Loss: 0.00338237
Epoch  5000 | Avg Loss: 0.00336910
Production training finished. Best Avg Loss: 0.00336910
